18:56:22.107 [main] ERROR main - Error sample statement

18:56:22.108 [main] ERROR SampleFunctionName - Function name will be printed together

18:56:22.108 [main] ERROR simulateError - An arithmetic exception occurred

java.lang.ArithmeticException: / by zero
	at Logger.samples.App.simulateError(App.java:28)
	at Logger.samples.App.main(App.java:19)
18:56:51.535 [main] ERROR main - Error sample statement

18:56:51.536 [main] ERROR SampleFunctionName - Function name will be printed together

18:56:51.537 [main] ERROR simulateError - An arithmetic exception occurred
java.lang.ArithmeticException: / by zero
	at Logger.samples.App.simulateError(App.java:28)
	at Logger.samples.App.main(App.java:19)
18:57:33.771 [main] ERROR main - Error sample statement

18:57:33.773 [main] ERROR SampleFunctionName - Function name will be printed together

18:57:33.773 [main] ERROR simulateError - An arithmetic exception occurred
java.lang.ArithmeticException: / by zero
	at Logger.samples.App.simulateError(App.java:28)
	at Logger.samples.App.main(App.java:19)
19:00:25.014 [main] ERROR main - Error sample statement

19:00:25.015 [main] ERROR SampleFunctionName - Function name will be printed together

19:00:25.016 [main] ERROR simulateError - An arithmetic exception occurred
java.lang.ArithmeticException: / by zero
	at Logger.samples.App.simulateError(App.java:28)
	at Logger.samples.App.main(App.java:19)
19:03:14.572 [main] ERROR main - Error sample statement

19:03:14.573 [main] ERROR SampleFunctionName - Function name will be printed together

19:03:14.574 [main] ERROR simulateError - An arithmetic exception occurred
java.lang.ArithmeticException: / by zero
	at Logger.samples.App.simulateError(App.java:33)
	at Logger.samples.App.main(App.java:24)
19:05:28.556 [main] ERROR main - Error sample statement

19:05:28.557 [main] ERROR SampleFunctionName - Function name will be printed together

19:05:28.557 [main] ERROR simulateError - An arithmetic exception occurred
java.lang.ArithmeticException: / by zero
	at Logger.samples.App.simulateError(App.java:33)
	at Logger.samples.App.main(App.java:24)
19:24:15.894 [main] ERROR main - Error sample statement

19:24:15.895 [main] ERROR SampleFunctionName - Function name will be printed together

19:24:15.895 [main] ERROR simulateError - An arithmetic exception occurred
java.lang.ArithmeticException: / by zero
	at Logger.samples.App.simulateError(App.java:33)
	at Logger.samples.App.main(App.java:24)
